-> % pbpaste > all.txt
ktoso@dynames [21:25:17] [~/code/swift-project/swift] [wip-result-handler-onReturn *]
-> % clear; export DIR=../build/Ninja-RelWithDebInfoAssert ; ninja bin/swift-frontend -C $DIR/swift-macosx-arm64/ && ../llvm-project/llvm/utils/lit/lit.py -s -vv --show-pass --show-unsupported -a $DIR/swift-macosx-arm64/test-macosx-arm64/ --filter=Distributed/Runtime/distributed_actor_func_calls_remoteCall_echo.swift
ninja: Entering directory `../build/Ninja-RelWithDebInfoAssert/swift-macosx-arm64/'
ninja: no work to do.
lit.py: /Users/ktoso/code/swift-project/swift/test/lit.cfg:216: note: Using cmake: /opt/homebrew/Cellar/cmake/3.22.2/bin/cmake
lit.py: /Users/ktoso/code/swift-project/swift/test/lit.cfg:300: note: using swift-frontend: /Users/ktoso/code/swift-project/build/Ninja-RelWithDebInfoAssert/swift-macosx-arm64/bin/swift-frontend
lit.py: /Users/ktoso/code/swift-project/swift/test/lit.cfg:300: note: using swift: /Users/ktoso/code/swift-project/build/Ninja-RelWithDebInfoAssert/swift-macosx-arm64/bin/swift
lit.py: /Users/ktoso/code/swift-project/swift/test/lit.cfg:300: note: using swiftc: /Users/ktoso/code/swift-project/build/Ninja-RelWithDebInfoAssert/swift-macosx-arm64/bin/swiftc
lit.py: /Users/ktoso/code/swift-project/swift/test/lit.cfg:300: note: using sil-opt: /Users/ktoso/code/swift-project/build/Ninja-RelWithDebInfoAssert/swift-macosx-arm64/bin/sil-opt
lit.py: /Users/ktoso/code/swift-project/swift/test/lit.cfg:300: note: using sil-func-extractor: /Users/ktoso/code/swift-project/build/Ninja-RelWithDebInfoAssert/swift-macosx-arm64/bin/sil-func-extractor
lit.py: /Users/ktoso/code/swift-project/swift/test/lit.cfg:300: note: using sil-llvm-gen: /Users/ktoso/code/swift-project/build/Ninja-RelWithDebInfoAssert/swift-macosx-arm64/bin/sil-llvm-gen
lit.py: /Users/ktoso/code/swift-project/swift/test/lit.cfg:300: note: using sil-nm: /Users/ktoso/code/swift-project/build/Ninja-RelWithDebInfoAssert/swift-macosx-arm64/bin/sil-nm
lit.py: /Users/ktoso/code/swift-project/swift/test/lit.cfg:300: note: using sil-passpipeline-dumper: /Users/ktoso/code/swift-project/build/Ninja-RelWithDebInfoAssert/swift-macosx-arm64/bin/sil-passpipeline-dumper
lit.py: /Users/ktoso/code/swift-project/swift/test/lit.cfg:300: note: using lldb-moduleimport-test: /Users/ktoso/code/swift-project/build/Ninja-RelWithDebInfoAssert/swift-macosx-arm64/bin/lldb-moduleimport-test
lit.py: /Users/ktoso/code/swift-project/swift/test/lit.cfg:300: note: using swift-ide-test: /Users/ktoso/code/swift-project/build/Ninja-RelWithDebInfoAssert/swift-macosx-arm64/bin/swift-ide-test
lit.py: /Users/ktoso/code/swift-project/swift/test/lit.cfg:300: note: using swift-dependency-tool: /Users/ktoso/code/swift-project/build/Ninja-RelWithDebInfoAssert/swift-macosx-arm64/bin/swift-dependency-tool
lit.py: /Users/ktoso/code/swift-project/swift/test/lit.cfg:300: note: using swift-syntax-test: /Users/ktoso/code/swift-project/build/Ninja-RelWithDebInfoAssert/swift-macosx-arm64/bin/swift-syntax-test
lit.py: /Users/ktoso/code/swift-project/swift/test/lit.cfg:300: note: using swift-syntax-parser-test: /Users/ktoso/code/swift-project/build/Ninja-RelWithDebInfoAssert/swift-macosx-arm64/bin/swift-syntax-parser-test
lit.py: /Users/ktoso/code/swift-project/swift/test/lit.cfg:300: note: using swift-reflection-dump: /Users/ktoso/code/swift-project/build/Ninja-RelWithDebInfoAssert/swift-macosx-arm64/bin/swift-reflection-dump
lit.py: /Users/ktoso/code/swift-project/swift/test/lit.cfg:300: note: using swift-remoteast-test: /Users/ktoso/code/swift-project/build/Ninja-RelWithDebInfoAssert/swift-macosx-arm64/bin/swift-remoteast-test
lit.py: /Users/ktoso/code/swift-project/swift/test/lit.cfg:300: note: using swift-indent: /Users/ktoso/code/swift-project/build/Ninja-RelWithDebInfoAssert/swift-macosx-arm64/bin/swift-indent
lit.py: /Users/ktoso/code/swift-project/swift/test/lit.cfg:300: note: using swift-symbolgraph-extract: /Users/ktoso/code/swift-project/build/Ninja-RelWithDebInfoAssert/swift-macosx-arm64/bin/swift-symbolgraph-extract
lit.py: /Users/ktoso/code/swift-project/swift/test/lit.cfg:300: note: using swift-api-extract: /Users/ktoso/code/swift-project/build/Ninja-RelWithDebInfoAssert/swift-macosx-arm64/bin/swift-api-extract
lit.py: /Users/ktoso/code/swift-project/swift/test/lit.cfg:300: note: using clang: /Users/ktoso/code/swift-project/build/Ninja-RelWithDebInfoAssert/llvm-macosx-arm64/bin/clang
lit.py: /Users/ktoso/code/swift-project/swift/test/lit.cfg:300: note: using clang++: /Users/ktoso/code/swift-project/build/Ninja-RelWithDebInfoAssert/llvm-macosx-arm64/bin/clang++
lit.py: /Users/ktoso/code/swift-project/swift/test/lit.cfg:300: note: using llvm-link: /Users/ktoso/code/swift-project/build/Ninja-RelWithDebInfoAssert/llvm-macosx-arm64/bin/llvm-link
lit.py: /Users/ktoso/code/swift-project/swift/test/lit.cfg:300: note: using swift-llvm-opt: /Users/ktoso/code/swift-project/build/Ninja-RelWithDebInfoAssert/swift-macosx-arm64/bin/swift-llvm-opt
lit.py: /Users/ktoso/code/swift-project/swift/test/lit.cfg:300: note: using llvm-profdata: /Users/ktoso/code/swift-project/build/Ninja-RelWithDebInfoAssert/llvm-macosx-arm64/bin/llvm-profdata
lit.py: /Users/ktoso/code/swift-project/swift/test/lit.cfg:300: note: using llvm-cov: /Users/ktoso/code/swift-project/build/Ninja-RelWithDebInfoAssert/llvm-macosx-arm64/bin/llvm-cov
lit.py: /Users/ktoso/code/swift-project/swift/test/lit.cfg:300: note: using llvm-strings: /Users/ktoso/code/swift-project/build/Ninja-RelWithDebInfoAssert/llvm-macosx-arm64/bin/llvm-strings
lit.py: /Users/ktoso/code/swift-project/swift/test/lit.cfg:300: note: using FileCheck: /Users/ktoso/code/swift-project/build/Ninja-RelWithDebInfoAssert/llvm-macosx-arm64/bin/FileCheck
lit.py: /Users/ktoso/code/swift-project/swift/test/lit.cfg:300: note: using llvm-dwarfdump: /Users/ktoso/code/swift-project/build/Ninja-RelWithDebInfoAssert/llvm-macosx-arm64/bin/llvm-dwarfdump
lit.py: /Users/ktoso/code/swift-project/swift/test/lit.cfg:300: note: using llvm-readelf: /Users/ktoso/code/swift-project/build/Ninja-RelWithDebInfoAssert/llvm-macosx-arm64/bin/llvm-readelf
lit.py: /Users/ktoso/code/swift-project/swift/test/lit.cfg:300: note: using llvm-dis: /Users/ktoso/code/swift-project/build/Ninja-RelWithDebInfoAssert/llvm-macosx-arm64/bin/llvm-dis
lit.py: /Users/ktoso/code/swift-project/swift/test/lit.cfg:300: note: using llvm-nm: /Users/ktoso/code/swift-project/build/Ninja-RelWithDebInfoAssert/llvm-macosx-arm64/bin/llvm-nm
lit.py: /Users/ktoso/code/swift-project/swift/test/lit.cfg:300: note: using llvm-size: /Users/ktoso/code/swift-project/build/Ninja-RelWithDebInfoAssert/llvm-macosx-arm64/bin/llvm-size
lit.py: /Users/ktoso/code/swift-project/swift/test/lit.cfg:300: note: using sourcekitd-test: /Users/ktoso/code/swift-project/build/Ninja-RelWithDebInfoAssert/swift-macosx-arm64/bin/sourcekitd-test
lit.py: /Users/ktoso/code/swift-project/swift/test/lit.cfg:300: note: using complete-test: /Users/ktoso/code/swift-project/build/Ninja-RelWithDebInfoAssert/swift-macosx-arm64/bin/complete-test
lit.py: /Users/ktoso/code/swift-project/swift/test/lit.cfg:300: note: using swift-api-digester: /Users/ktoso/code/swift-project/build/Ninja-RelWithDebInfoAssert/swift-macosx-arm64/bin/swift-api-digester
lit.py: /Users/ktoso/code/swift-project/swift/test/lit.cfg:300: note: using swift-refactor: /Users/ktoso/code/swift-project/build/Ninja-RelWithDebInfoAssert/swift-macosx-arm64/bin/swift-refactor
lit.py: /Users/ktoso/code/swift-project/swift/test/lit.cfg:300: note: using swift-demangle-yamldump: /Users/ktoso/code/swift-project/build/Ninja-RelWithDebInfoAssert/swift-macosx-arm64/bin/swift-demangle-yamldump
lit.py: /Users/ktoso/code/swift-project/swift/test/lit.cfg:300: note: using swift-demangle: /Users/ktoso/code/swift-project/build/Ninja-RelWithDebInfoAssert/swift-macosx-arm64/bin/swift-demangle
lit.py: /Users/ktoso/code/swift-project/swift/test/lit.cfg:303: warning: couldn't find 'Benchmark_O' program, try setting BENCHMARK_O in your environment
lit.py: /Users/ktoso/code/swift-project/swift/test/lit.cfg:303: warning: couldn't find 'Benchmark_Driver' program, try setting BENCHMARK_DRIVER in your environment
lit.py: /Users/ktoso/code/swift-project/swift/test/lit.cfg:303: warning: couldn't find 'wasmer' program, try setting WASMER in your environment
lit.py: /Users/ktoso/code/swift-project/swift/test/lit.cfg:303: warning: couldn't find 'wasm-ld' program, try setting WASM_LD in your environment
lit.py: /Users/ktoso/code/swift-project/swift/test/lit.cfg:382: note: Using resource dir: /Users/ktoso/code/swift-project/build/Ninja-RelWithDebInfoAssert/swift-macosx-arm64/lib/swift
lit.py: /Users/ktoso/code/swift-project/swift/test/lit.cfg:429: note: Compiling with -swift-version 4
lit.py: /Users/ktoso/code/swift-project/swift/test/lit.cfg:465: note: Using Clang module cache: /Users/ktoso/code/swift-project/build/Ninja-RelWithDebInfoAssert/swift-macosx-arm64/swift-test-results/arm64-apple-macosx10.9/clang-module-cache
lit.py: /Users/ktoso/code/swift-project/swift/test/lit.cfg:466: note: Using test results dir: /Users/ktoso/code/swift-project/build/Ninja-RelWithDebInfoAssert/swift-macosx-arm64/./swift-test-results/arm64-apple-macosx10.9
lit.py: /Users/ktoso/code/swift-project/swift/test/lit.cfg:471: note: Using code completion cache: /Users/ktoso/code/swift-project/build/Ninja-RelWithDebInfoAssert/swift-macosx-arm64/swift-test-results/arm64-apple-macosx10.9/completion-cache
lit.py: /Users/ktoso/code/swift-project/swift/test/lit.cfg:1166: note: Testing OS X arm64-apple-macosx10.9
lit.py: /Users/ktoso/code/swift-project/swift/test/lit.cfg:1217: note: Running tests on macOS version 12.3 (21E204)
lit.py: /Users/ktoso/code/swift-project/swift/test/lit.cfg:2045: note: Using platform module dir: /Users/ktoso/code/swift-project/build/Ninja-RelWithDebInfoAssert/swift-macosx-arm64/lib/swift/macosx
lit.py: /Users/ktoso/code/swift-project/swift/test/lit.cfg:2118: note: Testing with the just-built libraries
lit.py: /Users/ktoso/code/swift-project/swift/test/lit.cfg:2120: note: Library load path: /Users/ktoso/code/swift-project/build/Ninja-RelWithDebInfoAssert/swift-macosx-arm64/lib/swift/macosx
lit.py: /Users/ktoso/code/swift-project/swift/test/lit.cfg:300: note: using swift-reflection-test-macosx-arm64: /Users/ktoso/code/swift-project/build/Ninja-RelWithDebInfoAssert/swift-macosx-arm64/bin/swift-reflection-test-macosx-arm64
lit.py: /Users/ktoso/code/swift-project/swift/test/lit.cfg:2571: note: Available features: CMAKE_GENERATOR=Ninja, CODEGENERATOR=AArch64, CODEGENERATOR=ARM, CODEGENERATOR=Mips, CODEGENERATOR=PowerPC, CODEGENERATOR=SystemZ, CODEGENERATOR=X86, CPU=arm64, OS=macosx, PTRSIZE=64, SWIFT_VERSION=4, VENDOR=apple, asan_runtime, asserts, c_runtime, concurrency, concurrency_runtime, cplusplus_driver, crash-recovery, differentiable_programming, distributed, executable_test, foundation, fuzzer_runtime, libdispatch, libxml2, lld_lto, no_asan, no_lto, nonexecutable_test, objc_interop, optimized_stdlib, optimized_stdlib_arm64, profile_runtime, reflection, reflection_test_support, runtime_function_counters, sftp_server, shell, sourcekit, string_processing, swift-remoteast-test, swift_interpreter, swift_only_stable_abi, swift_repl, swift_stable_abi, swift_stdlib_asserts, swift_test_mode_optimize_none, swift_test_mode_optimize_none_arm64, swift_tools_extra, syntax_parser_lib, tsan_runtime, ubsan_runtime
lit.py: /Users/ktoso/code/swift-project/llvm-project/llvm/utils/lit/lit/discovery.py:247: warning: test suite 'Swift-Unit' contained no tests
FAIL: Swift(macosx-arm64) :: Distributed/Runtime/distributed_actor_func_calls_remoteCall_echo.swift (1 of 1)
******************** TEST 'Swift(macosx-arm64) :: Distributed/Runtime/distributed_actor_func_calls_remoteCall_echo.swift' FAILED ********************
Script:
--
: 'RUN: at line 1';   rm -rf "/Users/ktoso/code/swift-project/build/Ninja-RelWithDebInfoAssert/swift-macosx-arm64/test-macosx-arm64/Distributed/Runtime/Output/distributed_actor_func_calls_remoteCall_echo.swift.tmp" && mkdir -p "/Users/ktoso/code/swift-project/build/Ninja-RelWithDebInfoAssert/swift-macosx-arm64/test-macosx-arm64/Distributed/Runtime/Output/distributed_actor_func_calls_remoteCall_echo.swift.tmp"
: 'RUN: at line 2';   /Users/ktoso/code/swift-project/build/Ninja-RelWithDebInfoAssert/swift-macosx-arm64/bin/swift-frontend -target arm64-apple-macosx10.9  -module-cache-path /Users/ktoso/code/swift-project/build/Ninja-RelWithDebInfoAssert/swift-macosx-arm64/swift-test-results/arm64-apple-macosx10.9/clang-module-cache -sdk '/Applications/Xcode13.app/Contents/Developer/Platforms/MacOSX.platform/Developer/SDKs/MacOSX12.3.sdk'  -swift-version 4  -define-availability 'SwiftStdlib 9999:macOS 9999, iOS 9999, watchOS 9999, tvOS 9999' -define-availability 'SwiftStdlib 5.0:macOS 10.14.4, iOS 12.2, watchOS 5.2, tvOS 12.2' -define-availability 'SwiftStdlib 5.1:macOS 10.15, iOS 13.0, watchOS 6.0, tvOS 13.0' -define-availability 'SwiftStdlib 5.2:macOS 10.15.4, iOS 13.4, watchOS 6.2, tvOS 13.4' -define-availability 'SwiftStdlib 5.3:macOS 11.0, iOS 14.0, watchOS 7.0, tvOS 14.0' -define-availability 'SwiftStdlib 5.4:macOS 11.3, iOS 14.5, watchOS 7.4, tvOS 14.5' -define-availability 'SwiftStdlib 5.5:macOS 12.0, iOS 15.0, watchOS 8.0, tvOS 15.0' -define-availability 'SwiftStdlib 5.6:macOS 12.3, iOS 15.4, watchOS 8.5, tvOS 15.4' -define-availability 'SwiftStdlib 5.7:macOS 9999, iOS 9999, watchOS 9999, tvOS 9999' -typo-correction-limit 10 -emit-module -emit-module-path /Users/ktoso/code/swift-project/build/Ninja-RelWithDebInfoAssert/swift-macosx-arm64/test-macosx-arm64/Distributed/Runtime/Output/distributed_actor_func_calls_remoteCall_echo.swift.tmp/FakeDistributedActorSystems.swiftmodule -module-name FakeDistributedActorSystems -disable-availability-checking /Users/ktoso/code/swift-project/swift/test/Distributed/Runtime/../Inputs/FakeDistributedActorSystems.swift
: 'RUN: at line 3';   xcrun --toolchain default --sdk '/Applications/Xcode13.app/Contents/Developer/Platforms/MacOSX.platform/Developer/SDKs/MacOSX12.3.sdk' /Users/ktoso/code/swift-project/build/Ninja-RelWithDebInfoAssert/swift-macosx-arm64/bin/swiftc -target arm64-apple-macosx10.9  -module-cache-path /Users/ktoso/code/swift-project/build/Ninja-RelWithDebInfoAssert/swift-macosx-arm64/swift-test-results/arm64-apple-macosx10.9/clang-module-cache  -F '/Applications/Xcode13.app/Contents/Developer/Platforms/MacOSX.platform/Developer/Library/Frameworks' -toolchain-stdlib-rpath -Xlinker -rpath -Xlinker '/Applications/Xcode13.app/Contents/Developer/Platforms/MacOSX.platform/Developer/Library/Frameworks' -Xlinker -rpath -Xlinker /usr/lib/swift -Xlinker -headerpad_max_install_names  -swift-version 4  -Xfrontend -define-availability -Xfrontend 'SwiftStdlib 9999:macOS 9999, iOS 9999, watchOS 9999, tvOS 9999' -Xfrontend -define-availability -Xfrontend 'SwiftStdlib 5.0:macOS 10.14.4, iOS 12.2, watchOS 5.2, tvOS 12.2' -Xfrontend -define-availability -Xfrontend 'SwiftStdlib 5.1:macOS 10.15, iOS 13.0, watchOS 6.0, tvOS 13.0' -Xfrontend -define-availability -Xfrontend 'SwiftStdlib 5.2:macOS 10.15.4, iOS 13.4, watchOS 6.2, tvOS 13.4' -Xfrontend -define-availability -Xfrontend 'SwiftStdlib 5.3:macOS 11.0, iOS 14.0, watchOS 7.0, tvOS 14.0' -Xfrontend -define-availability -Xfrontend 'SwiftStdlib 5.4:macOS 11.3, iOS 14.5, watchOS 7.4, tvOS 14.5' -Xfrontend -define-availability -Xfrontend 'SwiftStdlib 5.5:macOS 12.0, iOS 15.0, watchOS 8.0, tvOS 15.0' -Xfrontend -define-availability -Xfrontend 'SwiftStdlib 5.6:macOS 12.3, iOS 15.4, watchOS 8.5, tvOS 15.4' -Xfrontend -define-availability -Xfrontend 'SwiftStdlib 5.7:macOS 9999, iOS 9999, watchOS 9999, tvOS 9999'  -F '/Users/ktoso/code/swift-project/build/Ninja-RelWithDebInfoAssert/swift-macosx-arm64/lib' -Xlinker -rpath -Xlinker '/Users/ktoso/code/swift-project/build/Ninja-RelWithDebInfoAssert/swift-macosx-arm64/lib' -module-name main -Xfrontend -disable-availability-checking -j2 -parse-as-library -I /Users/ktoso/code/swift-project/build/Ninja-RelWithDebInfoAssert/swift-macosx-arm64/test-macosx-arm64/Distributed/Runtime/Output/distributed_actor_func_calls_remoteCall_echo.swift.tmp /Users/ktoso/code/swift-project/swift/test/Distributed/Runtime/distributed_actor_func_calls_remoteCall_echo.swift /Users/ktoso/code/swift-project/swift/test/Distributed/Runtime/../Inputs/FakeDistributedActorSystems.swift -o /Users/ktoso/code/swift-project/build/Ninja-RelWithDebInfoAssert/swift-macosx-arm64/test-macosx-arm64/Distributed/Runtime/Output/distributed_actor_func_calls_remoteCall_echo.swift.tmp/a.out
: 'RUN: at line 4';   /usr/bin/env DYLD_LIBRARY_PATH='/Users/ktoso/code/swift-project/build/Ninja-RelWithDebInfoAssert/swift-macosx-arm64/lib/swift/macosx'  /Users/ktoso/code/swift-project/build/Ninja-RelWithDebInfoAssert/swift-macosx-arm64/test-macosx-arm64/Distributed/Runtime/Output/distributed_actor_func_calls_remoteCall_echo.swift.tmp/a.out | /usr/local/bin/python3 /Users/ktoso/code/swift-project/swift/utils/PathSanitizingFileCheck --allow-unused-prefixes --sanitize BUILD_DIR=/Users/ktoso/code/swift-project/build/Ninja-RelWithDebInfoAssert/swift-macosx-arm64 --sanitize SOURCE_DIR=/Users/ktoso/code/swift-project/swift --use-filecheck /Users/ktoso/code/swift-project/build/Ninja-RelWithDebInfoAssert/llvm-macosx-arm64/bin/FileCheck  /Users/ktoso/code/swift-project/swift/test/Distributed/Runtime/distributed_actor_func_calls_remoteCall_echo.swift --color
--
Exit Code: 1

Command Output (stderr):
--
+ : 'RUN: at line 1'
+ rm -rf /Users/ktoso/code/swift-project/build/Ninja-RelWithDebInfoAssert/swift-macosx-arm64/test-macosx-arm64/Distributed/Runtime/Output/distributed_actor_func_calls_remoteCall_echo.swift.tmp
+ mkdir -p /Users/ktoso/code/swift-project/build/Ninja-RelWithDebInfoAssert/swift-macosx-arm64/test-macosx-arm64/Distributed/Runtime/Output/distributed_actor_func_calls_remoteCall_echo.swift.tmp
+ : 'RUN: at line 2'
+ /Users/ktoso/code/swift-project/build/Ninja-RelWithDebInfoAssert/swift-macosx-arm64/bin/swift-frontend -target arm64-apple-macosx10.9 -module-cache-path /Users/ktoso/code/swift-project/build/Ninja-RelWithDebInfoAssert/swift-macosx-arm64/swift-test-results/arm64-apple-macosx10.9/clang-module-cache -sdk /Applications/Xcode13.app/Contents/Developer/Platforms/MacOSX.platform/Developer/SDKs/MacOSX12.3.sdk -swift-version 4 -define-availability 'SwiftStdlib 9999:macOS 9999, iOS 9999, watchOS 9999, tvOS 9999' -define-availability 'SwiftStdlib 5.0:macOS 10.14.4, iOS 12.2, watchOS 5.2, tvOS 12.2' -define-availability 'SwiftStdlib 5.1:macOS 10.15, iOS 13.0, watchOS 6.0, tvOS 13.0' -define-availability 'SwiftStdlib 5.2:macOS 10.15.4, iOS 13.4, watchOS 6.2, tvOS 13.4' -define-availability 'SwiftStdlib 5.3:macOS 11.0, iOS 14.0, watchOS 7.0, tvOS 14.0' -define-availability 'SwiftStdlib 5.4:macOS 11.3, iOS 14.5, watchOS 7.4, tvOS 14.5' -define-availability 'SwiftStdlib 5.5:macOS 12.0, iOS 15.0, watchOS 8.0, tvOS 15.0' -define-availability 'SwiftStdlib 5.6:macOS 12.3, iOS 15.4, watchOS 8.5, tvOS 15.4' -define-availability 'SwiftStdlib 5.7:macOS 9999, iOS 9999, watchOS 9999, tvOS 9999' -typo-correction-limit 10 -emit-module -emit-module-path /Users/ktoso/code/swift-project/build/Ninja-RelWithDebInfoAssert/swift-macosx-arm64/test-macosx-arm64/Distributed/Runtime/Output/distributed_actor_func_calls_remoteCall_echo.swift.tmp/FakeDistributedActorSystems.swiftmodule -module-name FakeDistributedActorSystems -disable-availability-checking /Users/ktoso/code/swift-project/swift/test/Distributed/Runtime/../Inputs/FakeDistributedActorSystems.swift
[/Users/ktoso/code/swift-project/swift/lib/Sema/DerivedConformanceDistributedActor.cpp:594] (deriveDistributedActorSystem_invokeHandlerOnReturn) ======================================================
(func_decl implicit "invokeHandlerOnReturn(handler:resultBuffer:metatype:)" access=public
  (parameter "self")
  (parameter_list
    (parameter "handler" apiName=handler type='FakeRoundtripResultHandler' interface type='FakeRoundtripResultHandler')
    (parameter "resultBuffer" apiName=resultBuffer type='UnsafeRawPointer' interface type='UnsafeRawPointer')
    (parameter "metatype" apiName=metatype type='Any.Type' interface type='Any.Type')))
[/Users/ktoso/code/swift-project/swift/lib/Sema/DerivedConformanceDistributedActor.cpp:596] (deriveDistributedActorSystem_invokeHandlerOnReturn) ======================================================
[/Users/ktoso/code/swift-project/swift/lib/Sema/DerivedConformanceDistributedActor.cpp:594] (deriveDistributedActorSystem_invokeHandlerOnReturn) ======================================================
(func_decl implicit "invokeHandlerOnReturn(handler:resultBuffer:metatype:)" access=public
  (parameter "self")
  (parameter_list
    (parameter "handler" apiName=handler type='FakeRoundtripResultHandler' interface type='FakeRoundtripResultHandler')
    (parameter "resultBuffer" apiName=resultBuffer type='UnsafeRawPointer' interface type='UnsafeRawPointer')
    (parameter "metatype" apiName=metatype type='Any.Type' interface type='Any.Type')))
[/Users/ktoso/code/swift-project/swift/lib/Sema/DerivedConformanceDistributedActor.cpp:596] (deriveDistributedActorSystem_invokeHandlerOnReturn) ======================================================
[/Users/ktoso/code/swift-project/swift/lib/Sema/DerivedConformanceDistributedActor.cpp:326] (deriveBodyDistributed_invokeHandlerOnReturn) PARAMS:
(parameter "handler" apiName=handler type='FakeRoundtripResultHandler' interface type='FakeRoundtripResultHandler')
(parameter "resultBuffer" apiName=resultBuffer type='UnsafeRawPointer' interface type='UnsafeRawPointer')
(parameter "metatype" apiName=metatype type='Any.Type' interface type='Any.Type')
[/Users/ktoso/code/swift-project/swift/lib/Sema/DerivedConformanceDistributedActor.cpp:333] (deriveBodyDistributed_invokeHandlerOnReturn) serializationRequirementTypeTy
(existential_type
  (type_alias_type decl=FakeDistributedActorSystems.(file).FakeRoundtripActorSystem.SerializationRequirement@/Users/ktoso/code/swift-project/swift/test/Distributed/Runtime/../Inputs/FakeDistributedActorSystems.swift:131:20 underlying='Codable'
    (parent=class_type decl=FakeDistributedActorSystems.(file).FakeRoundtripActorSystem@/Users/ktoso/code/swift-project/swift/test/Distributed/Runtime/../Inputs/FakeDistributedActorSystems.swift:127:20)))
[/Users/ktoso/code/swift-project/swift/lib/Sema/DerivedConformanceDistributedActor.cpp:338] (deriveBodyDistributed_invokeHandlerOnReturn) serializationRequirementMetaTypeTy
(existential_metatype_type
  (type_alias_type decl=FakeDistributedActorSystems.(file).FakeRoundtripActorSystem.SerializationRequirement@/Users/ktoso/code/swift-project/swift/test/Distributed/Runtime/../Inputs/FakeDistributedActorSystems.swift:131:20 underlying='Codable'
    (parent=class_type decl=FakeDistributedActorSystems.(file).FakeRoundtripActorSystem@/Users/ktoso/code/swift-project/swift/test/Distributed/Runtime/../Inputs/FakeDistributedActorSystems.swift:127:20)))
[/Users/ktoso/code/swift-project/swift/lib/Sema/DerivedConformanceDistributedActor.cpp:358] (deriveBodyDistributed_invokeHandlerOnReturn) CAST
(forced_checked_cast_expr implicit type='FakeRoundtripActorSystem.SerializationRequirement' unresolved '
  (declref_expr implicit type='<null>' decl=FakeDistributedActorSystems.(file).FakeRoundtripActorSystem.invokeHandlerOnReturn(handler:resultBuffer:metatype:).metatype function_ref=unapplied))
[/Users/ktoso/code/swift-project/swift/lib/Sema/DerivedConformanceDistributedActor.cpp:523] (deriveBodyDistributed_invokeHandlerOnReturn) BODY BODY BODY BODY BODY BODY BODY BODY
(brace_stmt implicit
  (pattern_binding_decl implicit
    (pattern_named implicit type='FakeRoundtripActorSystem.SerializationRequirement' 'm')
    Processed init:
    (forced_checked_cast_expr implicit type='FakeRoundtripActorSystem.SerializationRequirement' value_cast '
      (declref_expr implicit type='Any.Type' decl=FakeDistributedActorSystems.(file).FakeRoundtripActorSystem.invokeHandlerOnReturn(handler:resultBuffer:metatype:).metatype function_ref=unapplied)))

  (var_decl implicit "m" type='FakeRoundtripActorSystem.SerializationRequirement' interface type='FakeRoundtripActorSystem.SerializationRequirement' let readImpl=stored immutable)

  (func_decl implicit "doInvokeOnReturn(returnType:)" <R>
    (parameter_list
      (parameter "returnType" apiName=returnType)))

  (try_expr implicit type='<null>'
    (await_expr implicit type='<null>'
      (call_expr implicit type='<null>'
        (unresolved_decl_ref_expr implicit type='<null>' name=_openExistential function_ref=unapplied)
        (argument_list implicit labels=_:do:
          (argument
            (declref_expr implicit type='FakeRoundtripActorSystem.SerializationRequirement' decl=FakeDistributedActorSystems.(file).FakeRoundtripActorSystem.invokeHandlerOnReturn(handler:resultBuffer:metatype:).m function_ref=unapplied))
          (argument label=do
            (declref_expr implicit type='<null>' decl=FakeDistributedActorSystems.(file).FakeRoundtripActorSystem.invokeHandlerOnReturn(handler:resultBuffer:metatype:).doInvokeOnReturn(returnType:) function_ref=unapplied))
        )))))
[/Users/ktoso/code/swift-project/swift/lib/Sema/DerivedConformanceDistributedActor.cpp:525] (deriveBodyDistributed_invokeHandlerOnReturn) ^^^^^^^^^^^^^^^^^^^^^^^^^^^^^^^^^^^^^^^
[/Users/ktoso/code/swift-project/swift/lib/Sema/DerivedConformanceDistributedActor.cpp:526] (deriveBodyDistributed_invokeHandlerOnReturn) BODY BODY BODY BODY BODY BODY BODY BODY
[/Users/ktoso/code/swift-project/swift/lib/Sema/DerivedConformanceDistributedActor.cpp:148] (deriveBodyDistributed_doInvokeOnReturn) returnTypeParam
(parameter "returnType" apiName=returnType)
[/Users/ktoso/code/swift-project/swift/lib/Sema/DerivedConformanceDistributedActor.cpp:195] (deriveBodyDistributed_doInvokeOnReturn) ON RETURN AD HOC FUNC:
(func_decl range=[/Users/ktoso/code/swift-project/swift/test/Distributed/Runtime/../Inputs/FakeDistributedActorSystems.swift:393:10 - line:396:3] "onReturn(value:)" <Success : SerializationRequirement> interface type='<Success where Success : Decodable, Success : Encodable> (FakeRoundtripResultHandler) -> (Success) async throws -> ()' access=public
  (parameter "self")
  (parameter_list range=[/Users/ktoso/code/swift-project/swift/test/Distributed/Runtime/../Inputs/FakeDistributedActorSystems.swift:393:58 - line:393:73]
    (parameter "value" apiName=value type='Success' interface type='Success'))
  (brace_stmt range=[/Users/ktoso/code/swift-project/swift/test/Distributed/Runtime/../Inputs/FakeDistributedActorSystems.swift:393:88 - line:396:3]
    (call_expr type='<null>'
      (unresolved_decl_ref_expr type='<null>' name=print function_ref=unapplied)
      (argument_list
        (argument
          (interpolated_string_literal_expr type='<null>' literal_capacity=14 interpolation_count=1 builder_init=**NULL** result_init=**NULL**
            (tap_expr implicit type='<null>' var=FakeDistributedActorSystems.(file).FakeRoundtripResultHandler.onReturn(value:).$interpolation
              (**NULL EXPRESSION**)
              (brace_stmt implicit range=[/Users/ktoso/code/swift-project/swift/test/Distributed/Runtime/../Inputs/FakeDistributedActorSystems.swift:394:11 - line:394:11]
                (var_decl implicit "$interpolation" type='<null type>')

                (call_expr implicit type='<null>'
                  (unresolved_dot_expr implicit type='<null>' field 'appendLiteral(_:)' function_ref=unapplied
                    (declref_expr implicit type='<null>' decl=FakeDistributedActorSystems.(file).FakeRoundtripResultHandler.onReturn(value:).$interpolation function_ref=unapplied))
                  (argument_list implicit
                    (argument
                      (string_literal_expr type='<null>' encoding=utf8 value=" << onReturn: " builtin_initializer=**NULL** initializer=**NULL**))
                  ))
                (call_expr type='<null>'
                  (unresolved_dot_expr implicit type='<null>' field 'appendInterpolation' function_ref=unapplied
                    (declref_expr implicit type='<null>' decl=FakeDistributedActorSystems.(file).FakeRoundtripResultHandler.onReturn(value:).$interpolation function_ref=unapplied))
                  (argument_list
                    (argument
                      (unresolved_decl_ref_expr type='<null>' name=value function_ref=unapplied))
                  ))
                (call_expr implicit type='<null>'
                  (unresolved_dot_expr implicit type='<null>' field 'appendLiteral(_:)' function_ref=unapplied
                    (declref_expr implicit type='<null>' decl=FakeDistributedActorSystems.(file).FakeRoundtripResultHandler.onReturn(value:).$interpolation function_ref=unapplied))
                  (argument_list implicit
                    (argument
                      (string_literal_expr type='<null>' encoding=utf8 value="" builtin_initializer=**NULL** initializer=**NULL**))
                  ))))))
      ))
    (call_expr type='<null>'
      (unresolved_decl_ref_expr type='<null>' name=storeReturn function_ref=unapplied)
      (argument_list
        (argument
          (unresolved_decl_ref_expr type='<null>' name=value function_ref=unapplied))
      ))))
[/Users/ktoso/code/swift-project/swift/lib/Sema/DerivedConformanceDistributedActor.cpp:220] (deriveBodyDistributed_doInvokeOnReturn) INNER INNER INNER INNER INNER INNER INNER INNER
(brace_stmt implicit
  (pattern_binding_decl implicit
    (pattern_named implicit 'result')
    Processed init:
    (call_expr implicit type='<null>'
      (unresolved_dot_expr implicit type='<null>' field 'load(fromByteOffset:as:)' function_ref=unapplied
        (declref_expr implicit type='<null>' decl=FakeDistributedActorSystems.(file).FakeRoundtripActorSystem.invokeHandlerOnReturn(handler:resultBuffer:metatype:).resultBuffer function_ref=unapplied))
      (argument_list implicit labels=as:
        (argument label=as
          (declref_expr implicit type='<null>' decl=FakeDistributedActorSystems.(file).FakeRoundtripActorSystem.invokeHandlerOnReturn(handler:resultBuffer:metatype:).doInvokeOnReturn(returnType:).returnType function_ref=unapplied))
      )))

  (var_decl "result" type='<null type>' let)

  (await_expr implicit type='<null>'
    (try_expr implicit type='<null>'
      (call_expr implicit type='<null>'
        (unresolved_dot_expr implicit type='<null>' field 'onReturn(value:)' function_ref=unapplied
          (declref_expr implicit type='<null>' decl=FakeDistributedActorSystems.(file).FakeRoundtripActorSystem.invokeHandlerOnReturn(handler:resultBuffer:metatype:).handler function_ref=unapplied))
        (argument_list implicit labels=value:
          (argument label=value
            (declref_expr implicit type='<null>' decl=FakeDistributedActorSystems.(file).FakeRoundtripActorSystem.invokeHandlerOnReturn(handler:resultBuffer:metatype:).doInvokeOnReturn(returnType:).result function_ref=unapplied))
        ))))
  (var_decl "result" type='<null type>' let)
)
[/Users/ktoso/code/swift-project/swift/lib/Sema/DerivedConformanceDistributedActor.cpp:222] (deriveBodyDistributed_doInvokeOnReturn) ^^^^^^^^^^^^^^^^^^^^^^^^^^^^^^^^^^^^^^^
[/Users/ktoso/code/swift-project/swift/lib/Sema/DerivedConformanceDistributedActor.cpp:223] (deriveBodyDistributed_doInvokeOnReturn) INNER INNER INNER INNER INNER INNER INNER INNER
<unknown>:0: error: cannot reference invalid declaration 'returnType'
<unknown>:0: note: 'returnType' declared here
<unknown>:0: error: generic parameter 'T' could not be inferred
Swift.UnsafeRawPointer:16:28: note: in call to function 'load(fromByteOffset:as:)'
    @inlinable public func load<T>(fromByteOffset offset: Int = 0, as type: T.Type) -> T
                           ^
(try_expr implicit type='<null>'
  (await_expr implicit type='<null>'
    (call_expr implicit type='<null>'
      (declref_expr implicit type='<null>' decl=Swift.(file)._openExistential(_:do:) function_ref=single)
      (argument_list implicit labels=_:do:
        (argument
          (declref_expr implicit type='FakeRoundtripActorSystem.SerializationRequirement' decl=FakeDistributedActorSystems.(file).FakeRoundtripActorSystem.invokeHandlerOnReturn(handler:resultBuffer:metatype:).m function_ref=unapplied))
        (argument label=do
          (declref_expr implicit type='<null>' decl=FakeDistributedActorSystems.(file).FakeRoundtripActorSystem.invokeHandlerOnReturn(handler:resultBuffer:metatype:).doInvokeOnReturn(returnType:) function_ref=unapplied))
      ))))
<unknown>:0: error: type of expression is ambiguous without more context

--

********************
********************
Failed Tests (1):
  Swift(macosx-arm64) :: Distributed/Runtime/distributed_actor_func_calls_remoteCall_echo.swift


Testing Time: 1.05s
  Excluded: 7737
  Failed  :    1

5 warning(s) in tests
ktoso@dynames [21:25:21] [~/code/swift-project/swift] [wip-result-handler-onReturn *]
-> %